Requesting - Requested Report, User, Returned Id : _GET_FBA_FULFILLMENT_CUSTOMER_RETURNS_DATA_ mikew 146915018652 
Requesting - Requested Report, User, Returned Id : _GET_FBA_FULFILLMENT_CUSTOMER_RETURNS_DATA_ jordanna 111120018652 
Requesting - Requested Report, User, Returned Id : _GET_FBA_INVENTORY_AGED_DATA_ personalt 256349018652 
Requesting - Requested Report, User, Returned Id : _GET_FBA_REIMBURSEMENTS_DATA_ personalt 256350018652 
Requesting - Requested Report, User, Returned Id : _GET_RESERVED_INVENTORY_DATA_ personalt 256351018652 
Requesting - Requested Report, User, Returned Id : _GET_AMAZON_FULFILLED_SHIPMENTS_DATA_ personalt 256352018652 
Requesting - Requested Report, User, Returned Id : _GET_FBA_FULFILLMENT_CUSTOMER_RETURNS_DATA_ personalt 256353018652 
Requesting - Requested Report, User, Returned Id : _GET_FBA_FULFILLMENT_REMOVAL_ORDER_DETAIL_DATA_ personalt 256354018652 
Requesting - Requested Report, User, Returned Id : _GET_AMAZON_FULFILLED_SHIPMENTS_DATA_ mikew 146916018652 
Requesting - Requested Report, User, Returned Id : _GET_FLAT_FILE_OPEN_LISTINGS_DATA_ jordanna 111121018652 
Requesting - Requested Report, User, Returned Id : _GET_MERCHANT_LISTINGS_DATA_ jordanna 111122018652 
Requesting - Requested Report, User, Returned Id : _GET_AFN_INVENTORY_DATA_ personalt 256355018652 
Requesting - Requested Report, User, Returned Id : _GET_AFN_INVENTORY_DATA_ jordanna 111123018652 
Requesting - Requested Report, User, Returned Id : _GET_FLAT_FILE_OPEN_LISTINGS_DATA_ personalt 256356018652 
There is a recent report that is okay to use 

Requesting - Requested Report, User, Returned Id : _GET_MERCHANT_LISTINGS_DATA_ personalt 256357018652 
Requesting - Requested Report, User, Returned Id : _GET_AMAZON_FULFILLED_SHIPMENTS_DATA_ jordanna 111124018652 
Requesting - Requested Report, User, Returned Id : _GET_FBA_REIMBURSEMENTS_DATA_ mikew 146917018652 
Requesting - Requested Report, User, Returned Id : _GET_FBA_REIMBURSEMENTS_DATA_ jordanna 111125018652 
Requesting - Requested Report, User, Returned Id : _GET_FBA_INVENTORY_AGED_DATA_ personalt 256358018652 
Requesting - Requested Report, User, Returned Id : _GET_FBA_REIMBURSEMENTS_DATA_ personalt 256359018652 
Requesting - Requested Report, User, Returned Id : _GET_RESERVED_INVENTORY_DATA_ personalt 256360018652 
Requesting - Requested Report, User, Returned Id : _GET_AMAZON_FULFILLED_SHIPMENTS_DATA_ personalt 256361018652 
Requesting - Requested Report, User, Returned Id : _GET_FBA_FULFILLMENT_CUSTOMER_RETURNS_DATA_ personalt 256362018652 
Requesting - Requested Report, User, Returned Id : _GET_FBA_FULFILLMENT_REMOVAL_ORDER_DETAIL_DATA_ personalt 256363018652 
Requesting - Requested Report, User, Returned Id : _GET_AMAZON_FULFILLED_SHIPMENTS_DATA_ mikew 146918018652 
There is a recent report that is okay to use 

There is a recent report that is okay to use 

There is a recent report that is okay to use 

Requesting - Requested Report, User, Returned Id : _GET_FBA_REIMBURSEMENTS_DATA_ jordanna 111126018652 
Requesting - Requested Report, User, Returned Id : _GET_FBA_INVENTORY_AGED_DATA_ personalt 256364018652 
Requesting - Requested Report, User, Returned Id : _GET_FBA_REIMBURSEMENTS_DATA_ personalt 256365018652 
Requesting - Requested Report, User, Returned Id : _GET_RESERVED_INVENTORY_DATA_ personalt 256366018652 
Requesting - Requested Report, User, Returned Id : _GET_FBA_FULFILLMENT_REMOVAL_ORDER_DETAIL_DATA_ personalt 256367018652 
Requesting - Requested Report, User, Returned Id : _GET_AMAZON_FULFILLED_SHIPMENTS_DATA_ mikew 146920018652 
There is a recent report that is okay to use 

There is a recent report that is okay to use 

There is a recent report that is okay to use 

Requesting - Requested Report, User, Returned Id : _GET_FBA_REIMBURSEMENTS_DATA_ jordanna 111127018652 
Requesting - Requested Report, User, Returned Id : _GET_FBA_INVENTORY_AGED_DATA_ personalt 256368018652 
Requesting - Requested Report, User, Returned Id : _GET_FBA_REIMBURSEMENTS_DATA_ personalt 256369018652 
Requesting - Requested Report, User, Returned Id : _GET_RESERVED_INVENTORY_DATA_ personalt 256370018652 
Requesting - Requested Report, User, Returned Id : _GET_AMAZON_FULFILLED_SHIPMENTS_DATA_ personalt 256371018652 
Requesting - Requested Report, User, Returned Id : _GET_FBA_FULFILLMENT_CUSTOMER_RETURNS_DATA_ personalt 256372018652 
Requesting - Requested Report, User, Returned Id : _GET_FBA_FULFILLMENT_REMOVAL_ORDER_DETAIL_DATA_ personalt 256373018652 
There is a recent report that is okay to use 

There is a recent report that is okay to use 

There is a recent report that is okay to use 

Requesting - Requested Report, User, Returned Id : _GET_FBA_REIMBURSEMENTS_DATA_ jordanna 111128018652 
Submission processing error personalt _GET_FBA_REIMBURSEMENTS_DATA_ 256369018652 
Submission processing error personalt _GET_RESERVED_INVENTORY_DATA_ 256370018652 
Submission processing error personalt _GET_AMAZON_FULFILLED_SHIPMENTS_DATA_ 256371018652 
Submission processing error personalt _GET_FBA_FULFILLMENT_CUSTOMER_RETURNS_DATA_ 256372018652 
Submission processing error personalt _GET_FBA_FULFILLMENT_REMOVAL_ORDER_DETAIL_DATA_ 256373018652 
Submission processing error jordanna _GET_FBA_REIMBURSEMENTS_DATA_ 111128018652 
Requesting - Requested Report, User, Returned Id : _GET_FBA_INVENTORY_AGED_DATA_ personalt 256374018652 
Requesting - Requested Report, User, Returned Id : _GET_FBA_REIMBURSEMENTS_DATA_ personalt 256375018652 
Requesting - Requested Report, User, Returned Id : _GET_RESERVED_INVENTORY_DATA_ personalt 256376018652 
Requesting - Requested Report, User, Returned Id : _GET_AMAZON_FULFILLED_SHIPMENTS_DATA_ personalt 256377018652 
Requesting - Requested Report, User, Returned Id : _GET_FBA_FULFILLMENT_REMOVAL_ORDER_DETAIL_DATA_ personalt 256378018652 
There is a recent report that is okay to use 

Submission processing error personalt _GET_FBA_REIMBURSEMENTS_DATA_ 256375018652 
Submission processing error personalt _GET_RESERVED_INVENTORY_DATA_ 256376018652 
Submission processing error personalt _GET_AMAZON_FULFILLED_SHIPMENTS_DATA_ 256377018652 
Submission processing error personalt _GET_FBA_FULFILLMENT_REMOVAL_ORDER_DETAIL_DATA_ 256378018652 
Requesting - Requested Report, User, Returned Id : _GET_AFN_INVENTORY_DATA_ mikew 146925018652 
Requesting - Requested Report, User, Returned Id : _GET_FBA_FULFILLMENT_CUSTOMER_RETURNS_DATA_ personalt 256379018652 
There is a recent report that is okay to use 

There is a recent report that is okay to use 

Requesting - Requested Report, User, Returned Id : _GET_FBA_REIMBURSEMENTS_DATA_ jordanna 111129018652 
Requesting - Requested Report, User, Returned Id : _GET_FBA_INVENTORY_AGED_DATA_ personalt 256380018652 
Requesting - Requested Report, User, Returned Id : _GET_FBA_REIMBURSEMENTS_DATA_ personalt 256381018652 
Requesting - Requested Report, User, Returned Id : _GET_RESERVED_INVENTORY_DATA_ personalt 256382018652 
Requesting - Requested Report, User, Returned Id : _GET_AMAZON_FULFILLED_SHIPMENTS_DATA_ personalt 256383018652 
Requesting - Requested Report, User, Returned Id : _GET_FBA_FULFILLMENT_REMOVAL_ORDER_DETAIL_DATA_ personalt 256384018652 
There is a recent report that is okay to use 

Submission processing error personalt _GET_FBA_FULFILLMENT_CUSTOMER_RETURNS_DATA_ 256379018652 
Submission processing error jordanna _GET_FBA_REIMBURSEMENTS_DATA_ 111129018652 
Submission processing error personalt _GET_FBA_REIMBURSEMENTS_DATA_ 256381018652 
Submission processing error personalt _GET_FBA_FULFILLMENT_REMOVAL_ORDER_DETAIL_DATA_ 256384018652 
Submission processing error personalt _GET_RESERVED_INVENTORY_DATA_ 256382018652 
Submission processing error personalt _GET_AMAZON_FULFILLED_SHIPMENTS_DATA_ 256383018652 
Requesting - Requested Report, User, Returned Id : _GET_FBA_INVENTORY_AGED_DATA_ personalt 256385018652 
Requesting - Requested Report, User, Returned Id : _GET_FBA_REIMBURSEMENTS_DATA_ personalt 256386018652 
Requesting - Requested Report, User, Returned Id : _GET_RESERVED_INVENTORY_DATA_ personalt 256387018652 
Requesting - Requested Report, User, Returned Id : _GET_FBA_FULFILLMENT_CUSTOMER_RETURNS_DATA_ personalt 256388018652 
Requesting - Requested Report, User, Returned Id : _GET_FBA_FULFILLMENT_REMOVAL_ORDER_DETAIL_DATA_ personalt 256389018652 
There is a recent report that is okay to use 

There is a recent report that is okay to use 

Requesting - Requested Report, User, Returned Id : _GET_FBA_REIMBURSEMENTS_DATA_ jordanna 111130018652 
Submission processing error jordanna _GET_FBA_REIMBURSEMENTS_DATA_ 111130018652 
Submission processing error personalt _GET_RESERVED_INVENTORY_DATA_ 256387018652 
Submission processing error personalt _GET_FBA_FULFILLMENT_CUSTOMER_RETURNS_DATA_ 256388018652 
Submission processing error personalt _GET_FBA_FULFILLMENT_REMOVAL_ORDER_DETAIL_DATA_ 256389018652 
Requesting - Requested Report, User, Returned Id : _GET_FBA_FULFILLMENT_CUSTOMER_RETURNS_DATA_ jordanna 111133018652 
Requesting - Requested Report, User, Returned Id : _GET_FBA_REIMBURSEMENTS_DATA_ personalt 256390018652 
Requesting - Requested Report, User, Returned Id : _GET_RESERVED_INVENTORY_DATA_ personalt 256391018652 
Requesting - Requested Report, User, Returned Id : _GET_AMAZON_FULFILLED_SHIPMENTS_DATA_ personalt 256392018652 
Requesting - Requested Report, User, Returned Id : _GET_FBA_FULFILLMENT_CUSTOMER_RETURNS_DATA_ personalt 256393018652 
Requesting - Requested Report, User, Returned Id : _GET_FBA_FULFILLMENT_REMOVAL_ORDER_DETAIL_DATA_ personalt 256394018652 
Requesting - Requested Report, User, Returned Id : _GET_AMAZON_FULFILLED_SHIPMENTS_DATA_ mikew 146931018652 
Requesting - Requested Report, User, Returned Id : _GET_FLAT_FILE_OPEN_LISTINGS_DATA_ jordanna 111134018652 
Requesting - Requested Report, User, Returned Id : _GET_AFN_INVENTORY_DATA_ personalt 256395018652 
Requesting - Requested Report, User, Returned Id : _GET_AFN_INVENTORY_DATA_ jordanna 111135018652 
Requesting - Requested Report, User, Returned Id : _GET_FLAT_FILE_OPEN_LISTINGS_DATA_ personalt 256396018652 
Requesting - Requested Report, User, Returned Id : _GET_AMAZON_FULFILLED_SHIPMENTS_DATA_ jordanna 111136018652 
Requesting - Requested Report, User, Returned Id : _GET_FBA_REIMBURSEMENTS_DATA_ mikew 146932018652 
Requesting - Requested Report, User, Returned Id : _GET_FBA_REIMBURSEMENTS_DATA_ jordanna 111137018652 
Requesting - Requested Report, User, Returned Id : _GET_MERCHANT_LISTINGS_DATA_ personalt 256397018652 
Requesting - Requested Report, User, Returned Id : _GET_MERCHANT_LISTINGS_DATA_ jordanna 111138018652 
There is a recent report that is okay to use 

Submission processing error jordanna _GET_FBA_FULFILLMENT_CUSTOMER_RETURNS_DATA_ 111133018652 
Submission processing error personalt _GET_FBA_REIMBURSEMENTS_DATA_ 256390018652 
Submission processing error personalt _GET_FBA_FULFILLMENT_CUSTOMER_RETURNS_DATA_ 256393018652 
Submission processing error mikew _GET_FBA_REIMBURSEMENTS_DATA_ 146932018652 
Submission processing error jordanna _GET_FBA_REIMBURSEMENTS_DATA_ 111137018652 
Requesting - Requested Report, User, Returned Id : _GET_FBA_FULFILLMENT_CUSTOMER_RETURNS_DATA_ jordanna 111141018652 
Requesting - Requested Report, User, Returned Id : _GET_FBA_REIMBURSEMENTS_DATA_ personalt 256398018652 
Requesting - Requested Report, User, Returned Id : _GET_RESERVED_INVENTORY_DATA_ personalt 256399018652 
Requesting - Requested Report, User, Returned Id : _GET_AMAZON_FULFILLED_SHIPMENTS_DATA_ personalt 256400018652 
Requesting - Requested Report, User, Returned Id : _GET_FBA_FULFILLMENT_CUSTOMER_RETURNS_DATA_ personalt 256401018652 
Requesting - Requested Report, User, Returned Id : _GET_FBA_FULFILLMENT_REMOVAL_ORDER_DETAIL_DATA_ personalt 256402018652 
Requesting - Requested Report, User, Returned Id : _GET_AMAZON_FULFILLED_SHIPMENTS_DATA_ mikew 146933018652 
Requesting - Requested Report, User, Returned Id : _GET_FBA_REIMBURSEMENTS_DATA_ mikew 146934018652 
Requesting - Requested Report, User, Returned Id : _GET_FBA_REIMBURSEMENTS_DATA_ jordanna 111142018652 
There is a recent report that is okay to use 

There is a recent report that is okay to use 

There is a recent report that is okay to use 

Requesting - Requested Report, User, Returned Id : _GET_FBA_FULFILLMENT_CUSTOMER_RETURNS_DATA_ mikew 146935018652 
Submission processing error jordanna _GET_FBA_FULFILLMENT_CUSTOMER_RETURNS_DATA_ 111141018652 
Submission processing error personalt _GET_FBA_REIMBURSEMENTS_DATA_ 256398018652 
Submission processing error personalt _GET_RESERVED_INVENTORY_DATA_ 256399018652 
Submission processing error personalt _GET_AMAZON_FULFILLED_SHIPMENTS_DATA_ 256400018652 
Submission processing error personalt _GET_FBA_FULFILLMENT_CUSTOMER_RETURNS_DATA_ 256401018652 
Submission processing error personalt _GET_FBA_FULFILLMENT_REMOVAL_ORDER_DETAIL_DATA_ 256402018652 
Submission processing error mikew _GET_FBA_REIMBURSEMENTS_DATA_ 146934018652 
Submission processing error jordanna _GET_FBA_REIMBURSEMENTS_DATA_ 111142018652 
Submission processing error mikew _GET_FBA_FULFILLMENT_CUSTOMER_RETURNS_DATA_ 146935018652 
Requesting - Requested Report, User, Returned Id : _GET_AMAZON_FULFILLED_SHIPMENTS_DATA_ mikew 147022018653 
Requesting - Requested Report, User, Returned Id : _GET_FLAT_FILE_ALL_ORDERS_DATA_BY_LAST_UPDATE_ jordanna 111176018653 
Requesting - Requested Report, User, Returned Id : _GET_FBA_REIMBURSEMENTS_DATA_ jordanna 111177018653 
Requesting - Requested Report, User, Returned Id : _GET_FBA_FULFILLMENT_CUSTOMER_RETURNS_DATA_ mikew 147023018653 
There is a recent report that is okay to use 

Requesting - Requested Report, User, Returned Id : _GET_FLAT_FILE_OPEN_LISTINGS_DATA_ jordanna 111178018653 
Requesting - Requested Report, User, Returned Id : _GET_AFN_INVENTORY_DATA_ jordanna 111179018653 
Requesting - Requested Report, User, Returned Id : _GET_AFN_INVENTORY_DATA_ personalt 256409018653 
Requesting - Requested Report, User, Returned Id : _GET_FLAT_FILE_OPEN_LISTINGS_DATA_ personalt 256410018653 
Requesting - Requested Report, User, Returned Id : _GET_MERCHANT_LISTINGS_DATA_ personalt 256411018653 
Requesting - Requested Report, User, Returned Id : _GET_RESERVED_INVENTORY_DATA_ personalt 256412018653 
Requesting - Requested Report, User, Returned Id : _GET_MERCHANT_LISTINGS_DATA_ jordanna 111180018653 
Submission processing error jordanna _GET_FBA_REIMBURSEMENTS_DATA_ 111177018653 
Submission processing error mikew _GET_FBA_FULFILLMENT_CUSTOMER_RETURNS_DATA_ 147023018653 
Requesting - Requested Report, User, Returned Id : _GET_AMAZON_FULFILLED_SHIPMENTS_DATA_ mikew 147025018653 
Requesting - Requested Report, User, Returned Id : _GET_FBA_REIMBURSEMENTS_DATA_ jordanna 111181018653 
Requesting - Requested Report, User, Returned Id : _GET_AMAZON_FULFILLED_SHIPMENTS_DATA_ mikew 147026018653 
Requesting - Requested Report, User, Returned Id : _GET_FBA_REIMBURSEMENTS_DATA_ jordanna 111182018653 
Requesting - Requested Report, User, Returned Id : _GET_FBA_FULFILLMENT_CUSTOMER_RETURNS_DATA_ mikew 147027018653 
Submission processing error jordanna _GET_FBA_REIMBURSEMENTS_DATA_ 111182018653 
Submission processing error mikew _GET_FBA_FULFILLMENT_CUSTOMER_RETURNS_DATA_ 147027018653 
Requesting - Requested Report, User, Returned Id : _GET_AMAZON_FULFILLED_SHIPMENTS_DATA_ mikew 147028018653 
Requesting - Requested Report, User, Returned Id : _GET_FBA_REIMBURSEMENTS_DATA_ jordanna 111183018653 
Requesting - Requested Report, User, Returned Id : _GET_FBA_FULFILLMENT_CUSTOMER_RETURNS_DATA_ mikew 147029018653 
Submission processing error jordanna _GET_FBA_REIMBURSEMENTS_DATA_ 111183018653 
Submission processing error mikew _GET_FBA_FULFILLMENT_CUSTOMER_RETURNS_DATA_ 147029018653 
Requesting - Requested Report, User, Returned Id : _GET_AMAZON_FULFILLED_SHIPMENTS_DATA_ mikew 147030018653 
Requesting - Requested Report, User, Returned Id : _GET_FBA_REIMBURSEMENTS_DATA_ jordanna 111184018653 
Requesting - Requested Report, User, Returned Id : _GET_FBA_FULFILLMENT_CUSTOMER_RETURNS_DATA_ mikew 147031018653 
Submission processing error jordanna _GET_FBA_REIMBURSEMENTS_DATA_ 111184018653 
Submission processing error mikew _GET_FBA_FULFILLMENT_CUSTOMER_RETURNS_DATA_ 147031018653 
Requesting - Requested Report, User, Returned Id : _GET_AMAZON_FULFILLED_SHIPMENTS_DATA_ mikew 147032018653 
Requesting - Requested Report, User, Returned Id : _GET_FBA_REIMBURSEMENTS_DATA_ jordanna 111185018653 
Requesting - Requested Report, User, Returned Id : _GET_FBA_FULFILLMENT_CUSTOMER_RETURNS_DATA_ mikew 147033018653 
Submission processing error jordanna _GET_FBA_REIMBURSEMENTS_DATA_ 111185018653 
Submission processing error mikew _GET_FBA_FULFILLMENT_CUSTOMER_RETURNS_DATA_ 147033018653 
Requesting - Requested Report, User, Returned Id : _GET_FBA_REIMBURSEMENTS_DATA_ jordanna 111188018653 
Requesting - Requested Report, User, Returned Id : _GET_FBA_FULFILLMENT_CUSTOMER_RETURNS_DATA_ mikew 147034018653 
There is a recent report that is okay to use 

Submission processing error jordanna _GET_FBA_REIMBURSEMENTS_DATA_ 111188018653 
Submission processing error mikew _GET_FBA_FULFILLMENT_CUSTOMER_RETURNS_DATA_ 147034018653 
Requesting - Requested Report, User, Returned Id : _GET_FBA_REIMBURSEMENTS_DATA_ jordanna 111189018653 
Submission processing error jordanna _GET_FBA_REIMBURSEMENTS_DATA_ 111189018653 
Requesting - Requested Report, User, Returned Id : _GET_FBA_REIMBURSEMENTS_DATA_ jordanna 111190018653 
Requesting - Requested Report, User, Returned Id : _GET_FBA_FULFILLMENT_CUSTOMER_RETURNS_DATA_ mikew 147035018653 
Requesting - Requested Report, User, Returned Id : _GET_FBA_REIMBURSEMENTS_DATA_ jordanna 111191018653 
Requesting - Requested Report, User, Returned Id : _GET_FBA_FULFILLMENT_CUSTOMER_RETURNS_DATA_ mikew 147036018653 
Submission processing error mikew _GET_FBA_FULFILLMENT_CUSTOMER_RETURNS_DATA_ 147036018653 
Requesting - Requested Report, User, Returned Id : _GET_FBA_REIMBURSEMENTS_DATA_ jordanna 111192018653 
Submission processing error jordanna _GET_FBA_REIMBURSEMENTS_DATA_ 111192018653 
Requesting - Requested Report, User, Returned Id : _GET_FBA_REIMBURSEMENTS_DATA_ jordanna 111194018653 
Requesting - Requested Report, User, Returned Id : _GET_FBA_FULFILLMENT_CUSTOMER_RETURNS_DATA_ mikew 147039018653 
Requesting - Requested Report, User, Returned Id : _GET_AFN_INVENTORY_DATA_ mikew 147040018653 
Submission processing error jordanna _GET_FBA_REIMBURSEMENTS_DATA_ 111194018653 
Submission processing error mikew _GET_FBA_FULFILLMENT_CUSTOMER_RETURNS_DATA_ 147039018653 
Requesting - Requested Report, User, Returned Id : _GET_AMAZON_FULFILLED_SHIPMENTS_DATA_ mikew 147046018653 
Requesting - Requested Report, User, Returned Id : _GET_FLAT_FILE_ALL_ORDERS_DATA_BY_LAST_UPDATE_ jordanna 111200018653 
Requesting - Requested Report, User, Returned Id : _GET_FBA_INVENTORY_AGED_DATA_ personalt 256413018653 
Requesting - Requested Report, User, Returned Id : _GET_FBA_REIMBURSEMENTS_DATA_ jordanna 111202018653 
Requesting - Requested Report, User, Returned Id : _GET_FBA_INVENTORY_AGED_DATA_ personalt 256414018653 
Requesting - Requested Report, User, Returned Id : _GET_AMAZON_FULFILLED_SHIPMENTS_DATA_ personalt 256415018653 
Requesting - Requested Report, User, Returned Id : _GET_FBA_FULFILLMENT_REMOVAL_ORDER_DETAIL_DATA_ personalt 256416018653 
Requesting - Requested Report, User, Returned Id : _GET_AMAZON_FULFILLED_SHIPMENTS_DATA_ jordanna 111203018653 
Requesting - Requested Report, User, Returned Id : _GET_MERCHANT_LISTINGS_DATA_ mikew 147051018653 
Requesting - Requested Report, User, Returned Id : _GET_FLAT_FILE_OPEN_LISTINGS_DATA_ jordanna 111204018653 
Requesting - Requested Report, User, Returned Id : _GET_AFN_INVENTORY_DATA_ jordanna 111205018653 
Requesting - Requested Report, User, Returned Id : _GET_AFN_INVENTORY_DATA_ personalt 256417018653 
Requesting - Requested Report, User, Returned Id : _GET_MERCHANT_LISTINGS_DATA_ personalt 256418018653 
Requesting - Requested Report, User, Returned Id : _GET_FLAT_FILE_OPEN_LISTINGS_DATA_ personalt 256419018653 
Requesting - Requested Report, User, Returned Id : _GET_RESERVED_INVENTORY_DATA_ personalt 256420018653 
Requesting - Requested Report, User, Returned Id : _GET_FBA_REIMBURSEMENTS_DATA_ jordanna 111206018653 
Requesting - Requested Report, User, Returned Id : _GET_FBA_INVENTORY_AGED_DATA_ personalt 256421018653 
Requesting - Requested Report, User, Returned Id : _GET_FBA_REIMBURSEMENTS_DATA_ jordanna 111207018653 
Requesting - Requested Report, User, Returned Id : _GET_FBA_INVENTORY_AGED_DATA_ personalt 256422018653 
Requesting - Requested Report, User, Returned Id : _GET_AMAZON_FULFILLED_SHIPMENTS_DATA_ personalt 256423018653 
Requesting - Requested Report, User, Returned Id : _GET_FBA_FULFILLMENT_REMOVAL_ORDER_DETAIL_DATA_ personalt 256424018653 
There is a recent report that is okay to use 

There is a recent report that is okay to use 

Requesting - Requested Report, User, Returned Id : _GET_RESERVED_INVENTORY_DATA_ personalt 256425018653 
Requesting - Requested Report, User, Returned Id : _GET_MERCHANT_LISTINGS_DATA_ jordanna 111208018653 
Requesting - Requested Report, User, Returned Id : _GET_AFN_INVENTORY_DATA_ mikew 147052018653 
Submission processing error jordanna _GET_FBA_REIMBURSEMENTS_DATA_ 111207018653 
Submission processing error personalt _GET_AMAZON_FULFILLED_SHIPMENTS_DATA_ 256423018653 
Submission processing error personalt _GET_FBA_FULFILLMENT_REMOVAL_ORDER_DETAIL_DATA_ 256424018653 
Submission processing error personalt _GET_RESERVED_INVENTORY_DATA_ 256425018653 
Requesting - Requested Report, User, Returned Id : _GET_RESERVED_INVENTORY_DATA_ personalt 256426018653 
Submission processing error personalt _GET_RESERVED_INVENTORY_DATA_ 256426018653 
Requesting - Requested Report, User, Returned Id : _GET_AMAZON_FULFILLED_SHIPMENTS_DATA_ mikew 147053018653 
Requesting - Requested Report, User, Returned Id : _GET_FBA_FULFILLMENT_REMOVAL_ORDER_DETAIL_DATA_ personalt 256427018653 
Requesting - Requested Report, User, Returned Id : _GET_AMAZON_FULFILLED_SHIPMENTS_DATA_ mikew 147054018653 
Requesting - Requested Report, User, Returned Id : _GET_FBA_REIMBURSEMENTS_DATA_ jordanna 111209018653 
Requesting - Requested Report, User, Returned Id : _GET_FBA_FULFILLMENT_REMOVAL_ORDER_DETAIL_DATA_ personalt 256428018653 
Submission processing error jordanna _GET_FBA_REIMBURSEMENTS_DATA_ 111209018653 
Submission processing error personalt _GET_FBA_FULFILLMENT_REMOVAL_ORDER_DETAIL_DATA_ 256428018653 
Requesting - Requested Report, User, Returned Id : _GET_AMAZON_FULFILLED_SHIPMENTS_DATA_ mikew 147055018653 
Requesting - Requested Report, User, Returned Id : _GET_FBA_REIMBURSEMENTS_DATA_ jordanna 111210018653 
Requesting - Requested Report, User, Returned Id : _GET_AMAZON_FULFILLED_SHIPMENTS_DATA_ personalt 256429018653 
Requesting - Requested Report, User, Returned Id : _GET_RESERVED_INVENTORY_DATA_ personalt 256430018653 
Submission processing error jordanna _GET_FBA_REIMBURSEMENTS_DATA_ 111210018653 
Submission processing error personalt _GET_AMAZON_FULFILLED_SHIPMENTS_DATA_ 256429018653 
Submission processing error personalt _GET_RESERVED_INVENTORY_DATA_ 256430018653 
Submission processing error mikew _GET_AMAZON_FULFILLED_SHIPMENTS_DATA_ 147055018653 
Requesting - Requested Report, User, Returned Id : _GET_FBA_REIMBURSEMENTS_DATA_ jordanna 111211018653 
Requesting - Requested Report, User, Returned Id : _GET_FBA_FULFILLMENT_REMOVAL_ORDER_DETAIL_DATA_ personalt 256431018653 
Submission processing error jordanna _GET_FBA_REIMBURSEMENTS_DATA_ 111211018653 
Submission processing error personalt _GET_FBA_FULFILLMENT_REMOVAL_ORDER_DETAIL_DATA_ 256431018653 
Requesting - Requested Report, User, Returned Id : _GET_AMAZON_FULFILLED_SHIPMENTS_DATA_ personalt 256432018653 
Submission processing error personalt _GET_AMAZON_FULFILLED_SHIPMENTS_DATA_ 256432018653 
Requesting - Requested Report, User, Returned Id : _GET_FBA_REIMBURSEMENTS_DATA_ jordanna 111212018653 
Requesting - Requested Report, User, Returned Id : _GET_AMAZON_FULFILLED_SHIPMENTS_DATA_ personalt 256433018653 
Submission processing error jordanna _GET_FBA_REIMBURSEMENTS_DATA_ 111212018653 
Submission processing error personalt _GET_AMAZON_FULFILLED_SHIPMENTS_DATA_ 256433018653 
Requesting - Requested Report, User, Returned Id : _GET_FBA_FULFILLMENT_REMOVAL_ORDER_DETAIL_DATA_ personalt 256434018653 
Requesting - Requested Report, User, Returned Id : _GET_RESERVED_INVENTORY_DATA_ personalt 256435018653 
Submission processing error personalt _GET_FBA_FULFILLMENT_REMOVAL_ORDER_DETAIL_DATA_ 256434018653 
Submission processing error personalt _GET_RESERVED_INVENTORY_DATA_ 256435018653 
Requesting - Requested Report, User, Returned Id : _GET_FBA_REIMBURSEMENTS_DATA_ jordanna 111213018653 
Requesting - Requested Report, User, Returned Id : _GET_AMAZON_FULFILLED_SHIPMENTS_DATA_ personalt 256436018653 
There is a recent report that is okay to use 

Submission processing error jordanna _GET_FBA_REIMBURSEMENTS_DATA_ 111213018653 
Submission processing error personalt _GET_AMAZON_FULFILLED_SHIPMENTS_DATA_ 256436018653 
Requesting - Requested Report, User, Returned Id : _GET_FBA_REIMBURSEMENTS_DATA_ jordanna 111214018653 
Requesting - Requested Report, User, Returned Id : _GET_AMAZON_FULFILLED_SHIPMENTS_DATA_ personalt 256437018653 
Requesting - Requested Report, User, Returned Id : _GET_FBA_FULFILLMENT_REMOVAL_ORDER_DETAIL_DATA_ personalt 256438018653 
Requesting - Requested Report, User, Returned Id : _GET_RESERVED_INVENTORY_DATA_ personalt 256439018653 
Submission processing error jordanna _GET_FBA_REIMBURSEMENTS_DATA_ 111214018653 
Submission processing error personalt _GET_AMAZON_FULFILLED_SHIPMENTS_DATA_ 256437018653 
Submission processing error personalt _GET_FBA_FULFILLMENT_REMOVAL_ORDER_DETAIL_DATA_ 256438018653 
Submission processing error personalt _GET_RESERVED_INVENTORY_DATA_ 256439018653 
Requesting - Requested Report, User, Returned Id : _GET_FBA_REIMBURSEMENTS_DATA_ jordanna 111216018653 
Requesting - Requested Report, User, Returned Id : _GET_FBA_FULFILLMENT_CUSTOMER_RETURNS_DATA_ mikew 147058018653 
Requesting - Requested Report, User, Returned Id : _GET_AMAZON_FULFILLED_SHIPMENTS_DATA_ personalt 256440018653 
Requesting - Requested Report, User, Returned Id : _GET_FBA_FULFILLMENT_REMOVAL_ORDER_DETAIL_DATA_ personalt 256441018653 
Requesting - Requested Report, User, Returned Id : _GET_RESERVED_INVENTORY_DATA_ personalt 256442018653 
Submission processing error jordanna _GET_FBA_REIMBURSEMENTS_DATA_ 111216018653 
Submission processing error mikew _GET_FBA_FULFILLMENT_CUSTOMER_RETURNS_DATA_ 147058018653 
Submission processing error personalt _GET_AMAZON_FULFILLED_SHIPMENTS_DATA_ 256440018653 
Submission processing error personalt _GET_FBA_FULFILLMENT_REMOVAL_ORDER_DETAIL_DATA_ 256441018653 
Submission processing error personalt _GET_RESERVED_INVENTORY_DATA_ 256442018653 
Requesting - Requested Report, User, Returned Id : _GET_FBA_REIMBURSEMENTS_DATA_ jordanna 111217018653 
Requesting - Requested Report, User, Returned Id : _GET_FBA_FULFILLMENT_CUSTOMER_RETURNS_DATA_ mikew 147060018653 
Requesting - Requested Report, User, Returned Id : _GET_AMAZON_FULFILLED_SHIPMENTS_DATA_ personalt 256443018653 
Submission processing error jordanna _GET_FBA_REIMBURSEMENTS_DATA_ 111217018653 
Submission processing error mikew _GET_FBA_FULFILLMENT_CUSTOMER_RETURNS_DATA_ 147060018653 
Submission processing error personalt _GET_AMAZON_FULFILLED_SHIPMENTS_DATA_ 256443018653 
Requesting - Requested Report, User, Returned Id : _GET_AMAZON_FULFILLED_SHIPMENTS_DATA_ personalt 256444018653 
Requesting - Requested Report, User, Returned Id : _GET_RESERVED_INVENTORY_DATA_ personalt 256445018653 
Submission processing error personalt _GET_AMAZON_FULFILLED_SHIPMENTS_DATA_ 256444018653 
Submission processing error personalt _GET_RESERVED_INVENTORY_DATA_ 256445018653 
Requesting - Requested Report, User, Returned Id : _GET_FBA_REIMBURSEMENTS_DATA_ jordanna 111218018653 
Requesting - Requested Report, User, Returned Id : _GET_FBA_FULFILLMENT_CUSTOMER_RETURNS_DATA_ mikew 147061018653 
Submission processing error jordanna _GET_FBA_REIMBURSEMENTS_DATA_ 111218018653 
Submission processing error mikew _GET_FBA_FULFILLMENT_CUSTOMER_RETURNS_DATA_ 147061018653 
Requesting - Requested Report, User, Returned Id : _GET_FBA_FULFILLMENT_CUSTOMER_RETURNS_DATA_ mikew 147062018653 
Submission processing error mikew _GET_FBA_FULFILLMENT_CUSTOMER_RETURNS_DATA_ 147062018653 
Requesting - Requested Report, User, Returned Id : _GET_FBA_FULFILLMENT_CUSTOMER_RETURNS_DATA_ mikew 147063018653 
Submission processing error mikew _GET_FBA_FULFILLMENT_CUSTOMER_RETURNS_DATA_ 147063018653 
Requesting - Requested Report, User, Returned Id : _GET_FBA_REIMBURSEMENTS_DATA_ jordanna 111219018653 
Requesting - Requested Report, User, Returned Id : _GET_FBA_FULFILLMENT_CUSTOMER_RETURNS_DATA_ mikew 147064018653 
Submission processing error jordanna _GET_FBA_REIMBURSEMENTS_DATA_ 111219018653 
Requesting - Requested Report, User, Returned Id : _GET_FBA_REIMBURSEMENTS_DATA_ jordanna 111220018653 
Requesting - Requested Report, User, Returned Id : _GET_FBA_FULFILLMENT_CUSTOMER_RETURNS_DATA_ mikew 147065018653 
Submission processing error jordanna _GET_FBA_REIMBURSEMENTS_DATA_ 111220018653 
Submission processing error mikew _GET_FBA_FULFILLMENT_CUSTOMER_RETURNS_DATA_ 147065018653 
Requesting - Requested Report, User, Returned Id : _GET_FBA_FULFILLMENT_CUSTOMER_RETURNS_DATA_ mikew 147066018653 
Submission processing error mikew _GET_FBA_FULFILLMENT_CUSTOMER_RETURNS_DATA_ 147066018653 
Requesting - Requested Report, User, Returned Id : _GET_AMAZON_FULFILLED_SHIPMENTS_DATA_ mikew 147099018653 
Requesting - Requested Report, User, Returned Id : _GET_FBA_REIMBURSEMENTS_DATA_ jordanna 111236018653 
Requesting - Requested Report, User, Returned Id : _GET_AMAZON_FULFILLED_SHIPMENTS_DATA_ personalt 256446018653 
Requesting - Requested Report, User, Returned Id : _GET_FBA_FULFILLMENT_REMOVAL_ORDER_DETAIL_DATA_ personalt 256447018653 
Requesting - Requested Report, User, Returned Id : _GET_AMAZON_FULFILLED_SHIPMENTS_DATA_ jordanna 111237018653 
Requesting - Requested Report, User, Returned Id : _GET_FLAT_FILE_OPEN_LISTINGS_DATA_ jordanna 111238018653 
Requesting - Requested Report, User, Returned Id : _GET_AFN_INVENTORY_DATA_ personalt 256448018653 
Requesting - Requested Report, User, Returned Id : _GET_FLAT_FILE_OPEN_LISTINGS_DATA_ personalt 256449018653 
Requesting - Requested Report, User, Returned Id : _GET_RESERVED_INVENTORY_DATA_ personalt 256450018653 
Requesting - Requested Report, User, Returned Id : _GET_MERCHANT_LISTINGS_DATA_ personalt 256451018653 
There is a recent report that is okay to use 

There is a recent report that is okay to use 

Requesting - Requested Report, User, Returned Id : _GET_FLAT_FILE_ALL_ORDERS_DATA_BY_LAST_UPDATE_ jordanna 111252018653 
Requesting - Requested Report, User, Returned Id : _GET_AFN_INVENTORY_DATA_ jordanna 111253018653 
Requesting - Requested Report, User, Returned Id : _GET_AFN_INVENTORY_DATA_ mikew 147119018653 
Requesting - Requested Report, User, Returned Id : _GET_AMAZON_FULFILLED_SHIPMENTS_DATA_ mikew 149816018668 
Requesting - Requested Report, User, Returned Id : _GET_FLAT_FILE_ALL_ORDERS_DATA_BY_LAST_UPDATE_ jordanna 112560018668 
Requesting - Requested Report, User, Returned Id : _GET_FBA_REIMBURSEMENTS_DATA_ jordanna 112561018668 
Requesting - Requested Report, User, Returned Id : _GET_FBA_FULFILLMENT_CUSTOMER_RETURNS_DATA_ mikew 149817018668 
Requesting - Requested Report, User, Returned Id : _GET_AMAZON_FULFILLED_SHIPMENTS_DATA_ personalt 256485018668 
Requesting - Requested Report, User, Returned Id : _GET_FBA_FULFILLMENT_REMOVAL_ORDER_DETAIL_DATA_ personalt 256486018668 
Requesting - Requested Report, User, Returned Id : _GET_AMAZON_FULFILLED_SHIPMENTS_DATA_ jordanna 112562018668 
Requesting - Requested Report, User, Returned Id : _GET_FBA_FULFILLMENT_CUSTOMER_RETURNS_DATA_ jordanna 112563018668 
Requesting - Requested Report, User, Returned Id : _GET_FBA_REIMBURSEMENTS_DATA_ mikew 149818018668 
Requesting - Requested Report, User, Returned Id : _GET_FBA_REIMBURSEMENTS_DATA_ personalt 256487018668 
Requesting - Requested Report, User, Returned Id : _GET_FBA_FULFILLMENT_CUSTOMER_RETURNS_DATA_ personalt 256488018668 
Requesting - Requested Report, User, Returned Id : _GET_FLAT_FILE_OPEN_LISTINGS_DATA_ jordanna 112564018668 
Requesting - Requested Report, User, Returned Id : _GET_AFN_INVENTORY_DATA_ jordanna 112565018668 
Requesting - Requested Report, User, Returned Id : _GET_AFN_INVENTORY_DATA_ personalt 256489018668 
Requesting - Requested Report, User, Returned Id : _GET_FLAT_FILE_OPEN_LISTINGS_DATA_ personalt 256490018668 
Requesting - Requested Report, User, Returned Id : _GET_RESERVED_INVENTORY_DATA_ personalt 256491018668 
Requesting - Requested Report, User, Returned Id : _GET_MERCHANT_LISTINGS_DATA_ personalt 256492018668 
Requesting - Requested Report, User, Returned Id : _GET_MERCHANT_LISTINGS_DATA_ jordanna 112566018668 
Requesting - Requested Report, User, Returned Id : _GET_FBA_INVENTORY_AGED_DATA_ personalt 256493018668 
There is a recent report that is okay to use 

Submission processing error jordanna _GET_FBA_REIMBURSEMENTS_DATA_ 112561018668 
Submission processing error jordanna _GET_FBA_FULFILLMENT_CUSTOMER_RETURNS_DATA_ 112563018668 
Submission processing error mikew _GET_FBA_REIMBURSEMENTS_DATA_ 149818018668 
Submission processing error personalt _GET_FBA_REIMBURSEMENTS_DATA_ 256487018668 
Submission processing error personalt _GET_FBA_FULFILLMENT_CUSTOMER_RETURNS_DATA_ 256488018668 
